<?xml version="1.0" encoding="UTF-8"?>
<testng-results ignored="0" total="2" passed="2" failed="0" skipped="0">
  <reporter-output>
  </reporter-output>
  <suite started-at="2023-01-19T11:58:44 IST" name="Default suite" finished-at="2023-01-19T11:59:34 IST" duration-ms="49669">
    <groups>
    </groups>
    <test started-at="2023-01-19T11:58:44 IST" name="Default test" finished-at="2023-01-19T11:59:34 IST" duration-ms="49669">
      <class name="wibgngify_assignment_.assignment_.login_testclass">
        <test-method is-config="true" signature="bm()[pri:0, instance:wibgngify_assignment_.assignment_.login_testclass@399f45b1]" started-at="2023-01-19T11:58:44 IST" name="bm" finished-at="2023-01-19T11:58:49 IST" duration-ms="5169" status="PASS">
          <reporter-output>
          </reporter-output>
        </test-method> <!-- bm -->
        <test-method signature="t1()[pri:0, instance:wibgngify_assignment_.assignment_.login_testclass@399f45b1]" started-at="2023-01-19T11:58:49 IST" name="t1" finished-at="2023-01-19T11:58:49 IST" duration-ms="71" status="PASS">
          <reporter-output>
          </reporter-output>
        </test-method> <!-- t1 -->
        <test-method is-config="true" signature="am()[pri:0, instance:wibgngify_assignment_.assignment_.login_testclass@399f45b1]" started-at="2023-01-19T11:58:49 IST" name="am" finished-at="2023-01-19T11:59:09 IST" duration-ms="19238" status="PASS">
          <reporter-output>
          </reporter-output>
        </test-method> <!-- am -->
        <test-method is-config="true" signature="bm()[pri:0, instance:wibgngify_assignment_.assignment_.login_testclass@399f45b1]" started-at="2023-01-19T11:59:09 IST" name="bm" finished-at="2023-01-19T11:59:12 IST" duration-ms="3580" status="PASS">
          <reporter-output>
          </reporter-output>
        </test-method> <!-- bm -->
        <test-method signature="t2()[pri:0, instance:wibgngify_assignment_.assignment_.login_testclass@399f45b1]" started-at="2023-01-19T11:59:12 IST" name="t2" finished-at="2023-01-19T11:59:14 IST" duration-ms="2338" status="PASS">
          <reporter-output>
          </reporter-output>
        </test-method> <!-- t2 -->
        <test-method is-config="true" signature="am()[pri:0, instance:wibgngify_assignment_.assignment_.login_testclass@399f45b1]" started-at="2023-01-19T11:59:14 IST" name="am" finished-at="2023-01-19T11:59:34 IST" duration-ms="19224" status="PASS">
          <reporter-output>
          </reporter-output>
        </test-method> <!-- am -->
      </class> <!-- wibgngify_assignment_.assignment_.login_testclass -->
    </test> <!-- Default test -->
  </suite> <!-- Default suite -->
</testng-results>
